<?xml version="1.0" encoding="UTF-8"?>
<!-- Generated by org.testng.reporters.JUnitXMLReporter -->
<testsuite ignored="0" hostname="Mapletech" failures="0" tests="5" name="Test1" time="17.445" errors="0" timestamp="2023-05-06T15:58:02 IST">
  <testcase classname="Demo.Demo1" name="demo1" time="5.312"/>
  <testcase classname="Demo.Demo2" name="demo2" time="4.082"/>
  <testcase classname="Demo.Demo2" name="display" time="0.002"/>
  <testcase classname="Demo.Demo3" name="demo3" time="3.846"/>
  <testcase classname="Demo.Demo4" name="demo4" time="4.117"/>
</testsuite> <!-- Test1 -->
