<?xml version="1.0" encoding="UTF-8"?>
<!-- Generated by org.testng.reporters.JUnitXMLReporter -->
<testsuite ignored="0" hostname="Mapletech" failures="0" tests="5" name="Test" time="14.31" errors="0" timestamp="2023-05-06T15:56:17 IST">
  <testcase classname="Demo.Demo1" name="demo1" time="5.221"/>
  <testcase classname="Demo.Demo2" name="demo2" time="2.492"/>
  <testcase classname="Demo.Demo2" name="display" time="0.004"/>
  <testcase classname="Demo.Demo3" name="demo3" time="4.094"/>
  <testcase classname="Demo.Demo4" name="demo4" time="2.416"/>
</testsuite> <!-- Test -->
