<?xml version="1.0" encoding="UTF-8"?>
<testng-results ignored="0" total="10" passed="10" failed="0" skipped="0">
  <reporter-output>
  </reporter-output>
  <suite started-at="2023-05-06T15:57:45 IST" name="Suite" finished-at="2023-05-06T15:58:02 IST" duration-ms="17445">
    <groups>
      <group name="regression">
        <method signature="Demo2.demo2()[pri:0, instance:Demo.Demo2@3059cbc]" name="demo2" class="Demo.Demo2"/>
        <method signature="Demo4.demo4()[pri:0, instance:Demo.Demo4@24fcf36f]" name="demo4" class="Demo.Demo4"/>
        <method signature="Demo2.demo2()[pri:0, instance:Demo.Demo2@25fb8912]" name="demo2" class="Demo.Demo2"/>
        <method signature="Demo4.demo4()[pri:0, instance:Demo.Demo4@2c35e847]" name="demo4" class="Demo.Demo4"/>
      </group> <!-- regression -->
      <group name="sanity">
        <method signature="Demo1.demo1()[pri:0, instance:Demo.Demo1@49912c99]" name="demo1" class="Demo.Demo1"/>
        <method signature="Demo3.demo3()[pri:0, instance:Demo.Demo3@7ea9e1e2]" name="demo3" class="Demo.Demo3"/>
        <method signature="Demo1.demo1()[pri:0, instance:Demo.Demo1@f5acb9d]" name="demo1" class="Demo.Demo1"/>
        <method signature="Demo3.demo3()[pri:0, instance:Demo.Demo3@7c24b813]" name="demo3" class="Demo.Demo3"/>
      </group> <!-- sanity -->
    </groups>
    <test started-at="2023-05-06T15:57:45 IST" name="Test2" finished-at="2023-05-06T15:58:02 IST" duration-ms="17377">
      <class name="Demo.Demo1">
        <test-method signature="demo1()[pri:0, instance:Demo.Demo1@f5acb9d]" started-at="2023-05-06T15:57:45 IST" name="demo1" finished-at="2023-05-06T15:57:50 IST" duration-ms="5237" status="PASS">
          <reporter-output>
          </reporter-output>
        </test-method> <!-- demo1 -->
      </class> <!-- Demo.Demo1 -->
      <class name="Demo.Demo4">
        <test-method signature="demo4()[pri:0, instance:Demo.Demo4@2c35e847]" started-at="2023-05-06T15:57:58 IST" name="demo4" finished-at="2023-05-06T15:58:02 IST" duration-ms="4004" status="PASS">
          <reporter-output>
          </reporter-output>
        </test-method> <!-- demo4 -->
      </class> <!-- Demo.Demo4 -->
      <class name="Demo.Demo2">
        <test-method signature="demo2()[pri:0, instance:Demo.Demo2@25fb8912]" started-at="2023-05-06T15:57:50 IST" name="demo2" finished-at="2023-05-06T15:57:54 IST" duration-ms="3967" status="PASS">
          <reporter-output>
          </reporter-output>
        </test-method> <!-- demo2 -->
        <test-method signature="display()[pri:0, instance:Demo.Demo2@25fb8912]" started-at="2023-05-06T15:57:54 IST" name="display" finished-at="2023-05-06T15:57:54 IST" duration-ms="2" status="PASS">
          <reporter-output>
          </reporter-output>
        </test-method> <!-- display -->
      </class> <!-- Demo.Demo2 -->
      <class name="Demo.Demo3">
        <test-method signature="demo3()[pri:0, instance:Demo.Demo3@7c24b813]" started-at="2023-05-06T15:57:54 IST" name="demo3" finished-at="2023-05-06T15:57:58 IST" duration-ms="4072" status="PASS">
          <reporter-output>
          </reporter-output>
        </test-method> <!-- demo3 -->
      </class> <!-- Demo.Demo3 -->
    </test> <!-- Test2 -->
    <test started-at="2023-05-06T15:57:45 IST" name="Test1" finished-at="2023-05-06T15:58:02 IST" duration-ms="17445">
      <class name="Demo.Demo1">
        <test-method signature="demo1()[pri:0, instance:Demo.Demo1@49912c99]" started-at="2023-05-06T15:57:45 IST" name="demo1" finished-at="2023-05-06T15:57:50 IST" duration-ms="5312" status="PASS">
          <reporter-output>
          </reporter-output>
        </test-method> <!-- demo1 -->
      </class> <!-- Demo.Demo1 -->
      <class name="Demo.Demo4">
        <test-method signature="demo4()[pri:0, instance:Demo.Demo4@24fcf36f]" started-at="2023-05-06T15:57:58 IST" name="demo4" finished-at="2023-05-06T15:58:02 IST" duration-ms="4117" status="PASS">
          <reporter-output>
          </reporter-output>
        </test-method> <!-- demo4 -->
      </class> <!-- Demo.Demo4 -->
      <class name="Demo.Demo2">
        <test-method signature="demo2()[pri:0, instance:Demo.Demo2@3059cbc]" started-at="2023-05-06T15:57:50 IST" name="demo2" finished-at="2023-05-06T15:57:54 IST" duration-ms="4082" status="PASS">
          <reporter-output>
          </reporter-output>
        </test-method> <!-- demo2 -->
        <test-method signature="display()[pri:0, instance:Demo.Demo2@3059cbc]" started-at="2023-05-06T15:57:54 IST" name="display" finished-at="2023-05-06T15:57:54 IST" duration-ms="2" status="PASS">
          <reporter-output>
          </reporter-output>
        </test-method> <!-- display -->
      </class> <!-- Demo.Demo2 -->
      <class name="Demo.Demo3">
        <test-method signature="demo3()[pri:0, instance:Demo.Demo3@7ea9e1e2]" started-at="2023-05-06T15:57:54 IST" name="demo3" finished-at="2023-05-06T15:57:58 IST" duration-ms="3846" status="PASS">
          <reporter-output>
          </reporter-output>
        </test-method> <!-- demo3 -->
      </class> <!-- Demo.Demo3 -->
    </test> <!-- Test1 -->
  </suite> <!-- Suite -->
</testng-results>
